
ROM used:   2674/32768 (8%)
            2674/32768 (8%) including unused fragments

            0.9 Average locations per line
            4.6 Average locations per statement

RAM used:   85/2048 (4%) at main() level
            125/2048 (6%) worst case

Stack used: 1 worst case (0 in main + 1 for interrupts)
Stack size: 31

Lines Stmts  %   Files
----- ----- ---  -----
  117    93  16  main.c
   13     0   0  main.h
  854     0   0  ..\..\..\..\..\Program Files (x86)\PICC\Devices\18F4550.h
 1352   359  62  ..\..\..\..\..\Program Files (x86)\PICC\Drivers\stdlib.h
   32     0   0  ..\..\..\..\..\Program Files (x86)\PICC\Drivers\stddef.h
  435   129  22  ..\..\..\..\..\Program Files (x86)\PICC\Drivers\string.h
   28     0   0  ..\..\..\..\..\Program Files (x86)\PICC\Drivers\ctype.h
----- -----
 2831   581 Total

Page ROM  %  RAM    Vol Diff  Functions:
---- --- --- ---    --- ----  ----------
0     82   2    6             @MULS1616
0    244   5   11             @MULFF
0    468   9   11   1817 10.4  atol
0    124   2    3    372  5.1  RDA_isr
0     56   1    0    149  2.2  TIMER0_isr
0     24   0    0     78  2.8  EXT_isr
0     14   0    0     22  1.2  EXT1_isr
0     14   0    0     22  1.2  EXT2_isr
0    828  15    0   1847  7.2  MAIN
0     88   2    5             @SDTOF
0     64   1    5             @FTOSD
0     26   0    0             @const973
0     32   1    3             @PSTRINGCN_19200_31766_31767
0    142   3   13             @DIV3232
0    250   5   12             @PRINTF_L32D_19200_31766_31767
 Inline         0             @cinit1

Program metrics:
    Functions               7
    Statements              581
    Comments                942
    Volume (V)              5599
    Difficulty (D)          30.9
    Effort to implement (E) 172763
    Time to implement (T)   2 hours, 40 minutes
    Est Delivered Bugs (B)  1
    Cyclomatic Complexity   27
    Maintainability (MI)    25

 Segment     Used  Free
-----------  ----  ----
00000-00002     4  0  
00004-00006     0  4  
00008-000DC   214  0  
000DE-07FFE  2456  30090  



